Requirement already satisfied: python-telegram-bot<21.0,>=20.7 in d:\a freelance eng\expert-bot\venv\lib\site-packages (from -r requirements.txt (line 2)) (20.8)
Requirement already satisfied: aiohttp>=3.9.0 in d:\a freelance eng\expert-bot\venv\lib\site-packages (from -r requirements.txt (line 3)) (3.14.0)
Requirement already satisfied: python-dotenv>=1.0.0 in d:\a freelance eng\expert-bot\venv\lib\site-packages (from -r requirements.txt (line 4)) (1.2.2)
Requirement already satisfied: httpx>=0.25.0 in d:\a freelance eng\expert-bot\venv\lib\site-packages (from -r requirements.txt (line 5)) (0.26.0)
Requirement already satisfied: sqlalchemy>=2.0.0 in d:\a freelance eng\expert-bot\venv\lib\site-packages (from -r requirements.txt (line 8)) (2.0.50)
Requirement already satisfied: asyncpg>=0.29.0 in d:\a freelance eng\expert-bot\venv\lib\site-packages (from -r requirements.txt (line 9)) (0.31.0)
Requirement already satisfied: psycopg2-binary>=2.9.0 in d:\a freelance eng\expert-bot\venv\lib\site-packages (from -r requirements.txt (line 10)) (2.9.12)
Requirement already satisfied: redis>=5.0.0 in d:\a freelance eng\expert-bot\venv\lib\site-packages (from -r requirements.txt (line 11)) (8.0.0)
Requirement already satisfied: sentence-transformers>=2.2.0 in d:\a freelance eng\expert-bot\venv\lib\site-packages (from -r requirements.txt (line 14)) (5.5.1)
Requirement already satisfied: rapidfuzz>=3.0.0 in d:\a freelance eng\expert-bot\venv\lib\site-packages (from -r requirements.txt (line 15)) (3.14.5)
Requirement already satisfied: lancedb>=0.6.0 in d:\a freelance eng\expert-bot\venv\lib\site-packages (from -r requirements.txt (line 16)) (0.33.0)
Requirement already satisfied: pyarrow>=14.0.0 in d:\a freelance eng\expert-bot\venv\lib\site-packages (from -r requirements.txt (line 17)) (24.0.0)
Requirement already satisfied: fastapi>=0.100.0 in d:\a freelance eng\expert-bot\venv\lib\site-packages (from -r requirements.txt (line 20)) (0.136.3)
Requirement already satisfied: uvicorn>=0.23.0 in d:\a freelance eng\expert-bot\venv\lib\site-packages (from -r requirements.txt (line 21)) (0.48.0)
Requirement already satisfied: python-multipart>=0.0.6 in d:\a freelance eng\expert-bot\venv\lib\site-packages (from -r requirements.txt (line 22)) (0.0.30)
Requirement already satisfied: bcrypt>=4.0.0 in d:\a freelance eng\expert-bot\venv\lib\site-packages (from -r requirements.txt (line 23)) (5.0.0)
Requirement already satisfied: PyJWT>=2.8.0 in d:\a freelance eng\expert-bot\venv\lib\site-packages (from -r requirements.txt (line 24)) (2.13.0)
Requirement already satisfied: pytest>=7.0.0 in d:\a freelance eng\expert-bot\venv\lib\site-packages (from -r requirements.txt (line 27)) (9.0.3)
Requirement already satisfied: pytest-asyncio>=0.21.0 in d:\a freelance eng\expert-bot\venv\lib\site-packages (from -r requirements.txt (line 28)) (1.4.0)
Requirement already satisfied: pytest-cov>=4.0.0 in d:\a freelance eng\expert-bot\venv\lib\site-packages (from -r requirements.txt (line 29)) (7.1.0)
Requirement already satisfied: locust>=2.20.0 in d:\a freelance eng\expert-bot\venv\lib\site-packages (from -r requirements.txt (line 30)) (2.44.0)
Requirement already satisfied: requests>=2.31.0 in d:\a freelance eng\expert-bot\venv\lib\site-packages (from -r requirements.txt (line 33)) (2.34.2)
Requirement already satisfied: aiohappyeyeballs>=2.5.0 in d:\a freelance eng\expert-bot\venv\lib\site-packages (from aiohttp>=3.9.0->-r requirements.txt (line 3)) (2.6.2)
Requirement already satisfied: aiosignal>=1.4.0 in d:\a freelance eng\expert-bot\venv\lib\site-packages (from aiohttp>=3.9.0->-r requirements.txt (line 3)) (1.4.0)
Requirement already satisfied: attrs>=17.3.0 in d:\a freelance eng\expert-bot\venv\lib\site-packages (from aiohttp>=3.9.0->-r requirements.txt (line 3)) (26.1.0)
Requirement already satisfied: frozenlist>=1.1.1 in d:\a freelance eng\expert-bot\venv\lib\site-packages (from aiohttp>=3.9.0->-r requirements.txt (line 3)) (1.8.0)
Requirement already satisfied: multidict<7.0,>=4.5 in d:\a freelance eng\expert-bot\venv\lib\site-packages (from aiohttp>=3.9.0->-r requirements.txt (line 3)) (6.7.1)
Requirement already satisfied: propcache>=0.2.0 in d:\a freelance eng\expert-bot\venv\lib\site-packages (from aiohttp>=3.9.0->-r requirements.txt (line 3)) (0.5.2)
Requirement already satisfied: typing_extensions>=4.4 in d:\a freelance eng\expert-bot\venv\lib\site-packages (from aiohttp>=3.9.0->-r requirements.txt (line 3)) (4.15.0)
Requirement already satisfied: yarl<2.0,>=1.17.0 in d:\a freelance eng\expert-bot\venv\lib\site-packages (from aiohttp>=3.9.0->-r requirements.txt (line 3)) (1.24.2)
Requirement already satisfied: anyio in d:\a freelance eng\expert-bot\venv\lib\site-packages (from httpx>=0.25.0->-r requirements.txt (line 5)) (4.13.0)
Requirement already satisfied: certifi in d:\a freelance eng\expert-bot\venv\lib\site-packages (from httpx>=0.25.0->-r requirements.txt (line 5)) (2026.5.20)
Requirement already satisfied: httpcore==1.* in d:\a freelance eng\expert-bot\venv\lib\site-packages (from httpx>=0.25.0->-r requirements.txt (line 5)) (1.0.9)
Requirement already satisfied: idna in d:\a freelance eng\expert-bot\venv\lib\site-packages (from httpx>=0.25.0->-r requirements.txt (line 5)) (3.17)
Requirement already satisfied: sniffio in d:\a freelance eng\expert-bot\venv\lib\site-packages (from httpx>=0.25.0->-r requirements.txt (line 5)) (1.3.1)
Requirement already satisfied: h11>=0.16 in d:\a freelance eng\expert-bot\venv\lib\site-packages (from httpcore==1.*->httpx>=0.25.0->-r requirements.txt (line 5)) (0.16.0)
Requirement already satisfied: greenlet>=1 in d:\a freelance eng\expert-bot\venv\lib\site-packages (from sqlalchemy>=2.0.0->-r requirements.txt (line 8)) (3.5.1)
Requirement already satisfied: transformers<6.0.0,>=4.41.0 in d:\a freelance eng\expert-bot\venv\lib\site-packages (from sentence-transformers>=2.2.0->-r requirements.txt (line 14)) (5.9.0)
Requirement already satisfied: huggingface-hub>=0.23.0 in d:\a freelance eng\expert-bot\venv\lib\site-packages (from sentence-transformers>=2.2.0->-r requirements.txt (line 14)) (1.17.0)
Requirement already satisfied: torch>=1.11.0 in d:\a freelance eng\expert-bot\venv\lib\site-packages (from sentence-transformers>=2.2.0->-r requirements.txt (line 14)) (2.12.0)
Requirement already satisfied: numpy>=1.20.0 in d:\a freelance eng\expert-bot\venv\lib\site-packages (from sentence-transformers>=2.2.0->-r requirements.txt (line 14)) (2.4.6)
Requirement already satisfied: scikit-learn>=0.22.0 in d:\a freelance eng\expert-bot\venv\lib\site-packages (from sentence-transformers>=2.2.0->-r requirements.txt (line 14)) (1.8.0)
Requirement already satisfied: scipy>=1.0.0 in d:\a freelance eng\expert-bot\venv\lib\site-packages (from sentence-transformers>=2.2.0->-r requirements.txt (line 14)) (1.17.1)
Requirement already satisfied: tqdm>=4.0.0 in d:\a freelance eng\expert-bot\venv\lib\site-packages (from sentence-transformers>=2.2.0->-r requirements.txt (line 14)) (4.67.3)
Requirement already satisfied: deprecation>=2.1.0 in d:\a freelance eng\expert-bot\venv\lib\site-packages (from lancedb>=0.6.0->-r requirements.txt (line 16)) (2.1.0)
Requirement already satisfied: packaging>=23.0 in d:\a freelance eng\expert-bot\venv\lib\site-packages (from lancedb>=0.6.0->-r requirements.txt (line 16)) (26.2)
Requirement already satisfied: pydantic>=1.10 in d:\a freelance eng\expert-bot\venv\lib\site-packages (from lancedb>=0.6.0->-r requirements.txt (line 16)) (2.13.4)
Requirement already satisfied: lance-namespace>=0.3.2 in d:\a freelance eng\expert-bot\venv\lib\site-packages (from lancedb>=0.6.0->-r requirements.txt (line 16)) (0.8.0)
Requirement already satisfied: starlette>=0.46.0 in d:\a freelance eng\expert-bot\venv\lib\site-packages (from fastapi>=0.100.0->-r requirements.txt (line 20)) (1.2.1)
Requirement already satisfied: typing-inspection>=0.4.2 in d:\a freelance eng\expert-bot\venv\lib\site-packages (from fastapi>=0.100.0->-r requirements.txt (line 20)) (0.4.2)
Requirement already satisfied: annotated-doc>=0.0.2 in d:\a freelance eng\expert-bot\venv\lib\site-packages (from fastapi>=0.100.0->-r requirements.txt (line 20)) (0.0.4)
Requirement already satisfied: click>=7.0 in d:\a freelance eng\expert-bot\venv\lib\site-packages (from uvicorn>=0.23.0->-r requirements.txt (line 21)) (8.4.1)
Requirement already satisfied: colorama>=0.4 in d:\a freelance eng\expert-bot\venv\lib\site-packages (from pytest>=7.0.0->-r requirements.txt (line 27)) (0.4.6)
Requirement already satisfied: iniconfig>=1.0.1 in d:\a freelance eng\expert-bot\venv\lib\site-packages (from pytest>=7.0.0->-r requirements.txt (line 27)) (2.3.0)
Requirement already satisfied: pluggy<2,>=1.5 in d:\a freelance eng\expert-bot\venv\lib\site-packages (from pytest>=7.0.0->-r requirements.txt (line 27)) (1.6.0)
Requirement already satisfied: pygments>=2.7.2 in d:\a freelance eng\expert-bot\venv\lib\site-packages (from pytest>=7.0.0->-r requirements.txt (line 27)) (2.20.0)
Requirement already satisfied: coverage>=7.10.6 in d:\a freelance eng\expert-bot\venv\lib\site-packages (from coverage[toml]>=7.10.6->pytest-cov>=4.0.0->-r requirements.txt (line 29)) (7.14.1)
Requirement already satisfied: configargparse>=1.7.1 in d:\a freelance eng\expert-bot\venv\lib\site-packages (from locust>=2.20.0->-r requirements.txt (line 30)) (1.7.5)
Requirement already satisfied: flask-cors>=3.0.10 in d:\a freelance eng\expert-bot\venv\lib\site-packages (from locust>=2.20.0->-r requirements.txt (line 30)) (6.0.2)
Requirement already satisfied: flask-login>=0.6.3 in d:\a freelance eng\expert-bot\venv\lib\site-packages (from locust>=2.20.0->-r requirements.txt (line 30)) (0.6.3)
Requirement already satisfied: flask>=2.0.0 in d:\a freelance eng\expert-bot\venv\lib\site-packages (from locust>=2.20.0->-r requirements.txt (line 30)) (3.1.3)
Requirement already satisfied: gevent!=25.8.1,<26.0.0,>=24.10.1 in d:\a freelance eng\expert-bot\venv\lib\site-packages (from locust>=2.20.0->-r requirements.txt (line 30)) (25.9.1)
Requirement already satisfied: geventhttpclient>=2.3.1 in d:\a freelance eng\expert-bot\venv\lib\site-packages (from locust>=2.20.0->-r requirements.txt (line 30)) (2.3.9)
Requirement already satisfied: msgpack>=1.0.0 in d:\a freelance eng\expert-bot\venv\lib\site-packages (from locust>=2.20.0->-r requirements.txt (line 30)) (1.1.2)
Requirement already satisfied: psutil>=5.9.1 in d:\a freelance eng\expert-bot\venv\lib\site-packages (from locust>=2.20.0->-r requirements.txt (line 30)) (7.2.2)
Requirement already satisfied: python-engineio>=4.12.2 in d:\a freelance eng\expert-bot\venv\lib\site-packages (from locust>=2.20.0->-r requirements.txt (line 30)) (4.13.2)
Requirement already satisfied: python-socketio>=5.13.0 in d:\a freelance eng\expert-bot\venv\lib\site-packages (from python-socketio[client]>=5.13.0->locust>=2.20.0->-r requirements.txt (line 30)) (5.16.2)
Requirement already satisfied: pywin32 in d:\a freelance eng\expert-bot\venv\lib\site-packages (from locust>=2.20.0->-r requirements.txt (line 30)) (311)
Requirement already satisfied: pyzmq>=25.0.0 in d:\a freelance eng\expert-bot\venv\lib\site-packages (from locust>=2.20.0->-r requirements.txt (line 30)) (27.1.0)
Requirement already satisfied: werkzeug>=2.0.0 in d:\a freelance eng\expert-bot\venv\lib\site-packages (from locust>=2.20.0->-r requirements.txt (line 30)) (3.1.8)
Requirement already satisfied: charset_normalizer<4,>=2 in d:\a freelance eng\expert-bot\venv\lib\site-packages (from requests>=2.31.0->-r requirements.txt (line 33)) (3.4.7)
Requirement already satisfied: urllib3<3,>=1.26 in d:\a freelance eng\expert-bot\venv\lib\site-packages (from requests>=2.31.0->-r requirements.txt (line 33)) (2.7.0)
Requirement already satisfied: blinker>=1.9.0 in d:\a freelance eng\expert-bot\venv\lib\site-packages (from flask>=2.0.0->locust>=2.20.0->-r requirements.txt (line 30)) (1.9.0)
Requirement already satisfied: itsdangerous>=2.2.0 in d:\a freelance eng\expert-bot\venv\lib\site-packages (from flask>=2.0.0->locust>=2.20.0->-r requirements.txt (line 30)) (2.2.0)
Requirement already satisfied: jinja2>=3.1.2 in d:\a freelance eng\expert-bot\venv\lib\site-packages (from flask>=2.0.0->locust>=2.20.0->-r requirements.txt (line 30)) (3.1.6)
Requirement already satisfied: markupsafe>=2.1.1 in d:\a freelance eng\expert-bot\venv\lib\site-packages (from flask>=2.0.0->locust>=2.20.0->-r requirements.txt (line 30)) (3.0.3)
Requirement already satisfied: cffi>=1.17.1 in d:\a freelance eng\expert-bot\venv\lib\site-packages (from gevent!=25.8.1,<26.0.0,>=24.10.1->locust>=2.20.0->-r requirements.txt (line 30)) (2.0.0)
Requirement already satisfied: zope.event in d:\a freelance eng\expert-bot\venv\lib\site-packages (from gevent!=25.8.1,<26.0.0,>=24.10.1->locust>=2.20.0->-r requirements.txt (line 30)) (6.2)
Requirement already satisfied: zope.interface in d:\a freelance eng\expert-bot\venv\lib\site-packages (from gevent!=25.8.1,<26.0.0,>=24.10.1->locust>=2.20.0->-r requirements.txt (line 30)) (8.5)
Requirement already satisfied: brotli in d:\a freelance eng\expert-bot\venv\lib\site-packages (from geventhttpclient>=2.3.1->locust>=2.20.0->-r requirements.txt (line 30)) (1.2.0)
Requirement already satisfied: filelock>=3.10.0 in d:\a freelance eng\expert-bot\venv\lib\site-packages (from huggingface-hub>=0.23.0->sentence-transformers>=2.2.0->-r requirements.txt (line 14)) (3.29.0)
Requirement already satisfied: fsspec>=2023.5.0 in d:\a freelance eng\expert-bot\venv\lib\site-packages (from huggingface-hub>=0.23.0->sentence-transformers>=2.2.0->-r requirements.txt (line 14)) (2026.4.0)
Requirement already satisfied: hf-xet<2.0.0,>=1.4.3 in d:\a freelance eng\expert-bot\venv\lib\site-packages (from huggingface-hub>=0.23.0->sentence-transformers>=2.2.0->-r requirements.txt (line 14)) (1.5.0)
Requirement already satisfied: pyyaml>=5.1 in d:\a freelance eng\expert-bot\venv\lib\site-packages (from huggingface-hub>=0.23.0->sentence-transformers>=2.2.0->-r requirements.txt (line 14)) (6.0.3)
Requirement already satisfied: typer<0.26.0,>=0.20.0 in d:\a freelance eng\expert-bot\venv\lib\site-packages (from huggingface-hub>=0.23.0->sentence-transformers>=2.2.0->-r requirements.txt (line 14)) (0.25.1)
Requirement already satisfied: lance-namespace-urllib3-client==0.8.0 in d:\a freelance eng\expert-bot\venv\lib\site-packages (from lance-namespace>=0.3.2->lancedb>=0.6.0->-r requirements.txt (line 16)) (0.8.0)
Requirement already satisfied: python-dateutil>=2.8.2 in d:\a freelance eng\expert-bot\venv\lib\site-packages (from lance-namespace-urllib3-client==0.8.0->lance-namespace>=0.3.2->lancedb>=0.6.0->-r requirements.txt (line 16)) (2.9.0.post0)
Requirement already satisfied: annotated-types>=0.6.0 in d:\a freelance eng\expert-bot\venv\lib\site-packages (from pydantic>=1.10->lancedb>=0.6.0->-r requirements.txt (line 16)) (0.7.0)
Requirement already satisfied: pydantic-core==2.46.4 in d:\a freelance eng\expert-bot\venv\lib\site-packages (from pydantic>=1.10->lancedb>=0.6.0->-r requirements.txt (line 16)) (2.46.4)
Requirement already satisfied: simple-websocket>=0.10.0 in d:\a freelance eng\expert-bot\venv\lib\site-packages (from python-engineio>=4.12.2->locust>=2.20.0->-r requirements.txt (line 30)) (1.1.0)
Requirement already satisfied: bidict>=0.21.0 in d:\a freelance eng\expert-bot\venv\lib\site-packages (from python-socketio>=5.13.0->python-socketio[client]>=5.13.0->locust>=2.20.0->-r requirements.txt (line 30)) (0.23.1)
Requirement already satisfied: websocket-client>=0.54.0 in d:\a freelance eng\expert-bot\venv\lib\site-packages (from python-socketio[client]>=5.13.0->locust>=2.20.0->-r requirements.txt (line 30)) (1.9.0)
Requirement already satisfied: joblib>=1.3.0 in d:\a freelance eng\expert-bot\venv\lib\site-packages (from scikit-learn>=0.22.0->sentence-transformers>=2.2.0->-r requirements.txt (line 14)) (1.5.3)
Requirement already satisfied: threadpoolctl>=3.2.0 in d:\a freelance eng\expert-bot\venv\lib\site-packages (from scikit-learn>=0.22.0->sentence-transformers>=2.2.0->-r requirements.txt (line 14)) (3.6.0)
Requirement already satisfied: setuptools<82 in d:\a freelance eng\expert-bot\venv\lib\site-packages (from torch>=1.11.0->sentence-transformers>=2.2.0->-r requirements.txt (line 14)) (81.0.0)
Requirement already satisfied: sympy>=1.13.3 in d:\a freelance eng\expert-bot\venv\lib\site-packages (from torch>=1.11.0->sentence-transformers>=2.2.0->-r requirements.txt (line 14)) (1.14.0)
Requirement already satisfied: networkx>=2.5.1 in d:\a freelance eng\expert-bot\venv\lib\site-packages (from torch>=1.11.0->sentence-transformers>=2.2.0->-r requirements.txt (line 14)) (3.6.1)
Requirement already satisfied: regex>=2025.10.22 in d:\a freelance eng\expert-bot\venv\lib\site-packages (from transformers<6.0.0,>=4.41.0->sentence-transformers>=2.2.0->-r requirements.txt (line 14)) (2026.5.9)
Requirement already satisfied: tokenizers<=0.23.0,>=0.22.0 in d:\a freelance eng\expert-bot\venv\lib\site-packages (from transformers<6.0.0,>=4.41.0->sentence-transformers>=2.2.0->-r requirements.txt (line 14)) (0.22.2)
Requirement already satisfied: safetensors>=0.4.3 in d:\a freelance eng\expert-bot\venv\lib\site-packages (from transformers<6.0.0,>=4.41.0->sentence-transformers>=2.2.0->-r requirements.txt (line 14)) (0.7.0)
Requirement already satisfied: pycparser in d:\a freelance eng\expert-bot\venv\lib\site-packages (from cffi>=1.17.1->gevent!=25.8.1,<26.0.0,>=24.10.1->locust>=2.20.0->-r requirements.txt (line 30)) (3.0)
Requirement already satisfied: wsproto in d:\a freelance eng\expert-bot\venv\lib\site-packages (from simple-websocket>=0.10.0->python-engineio>=4.12.2->locust>=2.20.0->-r requirements.txt (line 30)) (1.3.2)
Requirement already satisfied: mpmath<1.4,>=1.1.0 in d:\a freelance eng\expert-bot\venv\lib\site-packages (from sympy>=1.13.3->torch>=1.11.0->sentence-transformers>=2.2.0->-r requirements.txt (line 14)) (1.3.0)
Requirement already satisfied: shellingham>=1.3.0 in d:\a freelance eng\expert-bot\venv\lib\site-packages (from typer<0.26.0,>=0.20.0->huggingface-hub>=0.23.0->sentence-transformers>=2.2.0->-r requirements.txt (line 14)) (1.5.4)
Requirement already satisfied: rich>=13.8.0 in d:\a freelance eng\expert-bot\venv\lib\site-packages (from typer<0.26.0,>=0.20.0->huggingface-hub>=0.23.0->sentence-transformers>=2.2.0->-r requirements.txt (line 14)) (15.0.0)
Requirement already satisfied: six>=1.5 in d:\a freelance eng\expert-bot\venv\lib\site-packages (from python-dateutil>=2.8.2->lance-namespace-urllib3-client==0.8.0->lance-namespace>=0.3.2->lancedb>=0.6.0->-r requirements.txt (line 16)) (1.17.0)
Requirement already satisfied: markdown-it-py>=2.2.0 in d:\a freelance eng\expert-bot\venv\lib\site-packages (from rich>=13.8.0->typer<0.26.0,>=0.20.0->huggingface-hub>=0.23.0->sentence-transformers>=2.2.0->-r requirements.txt (line 14)) (4.2.0)
Requirement already satisfied: mdurl~=0.1 in d:\a freelance eng\expert-bot\venv\lib\site-packages (from markdown-it-py>=2.2.0->rich>=13.8.0->typer<0.26.0,>=0.20.0->huggingface-hub>=0.23.0->sentence-transformers>=2.2.0->-r requirements.txt (line 14)) (0.1.2)

[notice] A new release of pip is available: 24.2 -> 26.1.1
[notice] To update, run: python.exe -m pip install --upgrade pip
